<?xml version="1.0" encoding="UTF-8" standalone="no"?>
<testsuite failures="1" name="cucumber.runtime.formatter.JUnitFormatter" skipped="0" tests="3" time="0.866619">
    <testcase classname="Add Items to Cart" name="Add a Cap" time="0.850805">
        <failure message="java.lang.IllegalStateException: The path to the driver executable must be set by the webdriver.gecko.driver system property; for more information, see https://github.com/mozilla/geckodriver. The latest version can be downloaded from https://github.com/mozilla/geckodriver/releases&#13;&#10;&#9;at com.google.common.base.Preconditions.checkState(Preconditions.java:847)&#13;&#10;&#9;at org.openqa.selenium.remote.service.DriverService.findExecutable(DriverService.java:125)&#13;&#10;&#9;at org.openqa.selenium.firefox.GeckoDriverService.access$100(GeckoDriverService.java:43)&#13;&#10;&#9;at org.openqa.selenium.firefox.GeckoDriverService$Builder.findDefaultExecutable(GeckoDriverService.java:168)&#13;&#10;&#9;at org.openqa.selenium.remote.service.DriverService$Builder.build(DriverService.java:346)&#13;&#10;&#9;at org.openqa.selenium.firefox.FirefoxDriver.toExecutor(FirefoxDriver.java:168)&#13;&#10;&#9;at org.openqa.selenium.firefox.FirefoxDriver.&lt;init&gt;(FirefoxDriver.java:125)&#13;&#10;&#9;at org.openqa.selenium.firefox.FirefoxDriver.&lt;init&gt;(FirefoxDriver.java:103)&#13;&#10;&#9;at code_bindings.add_items_to_cart_steps.that_I_am_on_the_Home_Page(add_items_to_cart_steps.java:29)&#13;&#10;&#9;at ✽.Given That I am on the Home Page(Add Items to Cart_5054.feature:6)&#13;&#10;"><![CDATA[Given That I am on the Home Page............................................failed
When I search for a Cap and add it to the Cart..............................skipped
Then I can see it in the Cart...............................................skipped

StackTrace:
java.lang.IllegalStateException: The path to the driver executable must be set by the webdriver.gecko.driver system property; for more information, see https://github.com/mozilla/geckodriver. The latest version can be downloaded from https://github.com/mozilla/geckodriver/releases
	at com.google.common.base.Preconditions.checkState(Preconditions.java:847)
	at org.openqa.selenium.remote.service.DriverService.findExecutable(DriverService.java:125)
	at org.openqa.selenium.firefox.GeckoDriverService.access$100(GeckoDriverService.java:43)
	at org.openqa.selenium.firefox.GeckoDriverService$Builder.findDefaultExecutable(GeckoDriverService.java:168)
	at org.openqa.selenium.remote.service.DriverService$Builder.build(DriverService.java:346)
	at org.openqa.selenium.firefox.FirefoxDriver.toExecutor(FirefoxDriver.java:168)
	at org.openqa.selenium.firefox.FirefoxDriver.<init>(FirefoxDriver.java:125)
	at org.openqa.selenium.firefox.FirefoxDriver.<init>(FirefoxDriver.java:103)
	at code_bindings.add_items_to_cart_steps.that_I_am_on_the_Home_Page(add_items_to_cart_steps.java:29)
	at ✽.Given That I am on the Home Page(Add Items to Cart_5054.feature:6)
]]></failure>
    </testcase>
    <testcase classname="Cart Handling" name="Clear my Cart" time="0.015532">
        <system-out><![CDATA[Given That I have an item in the shopping cart..............................passed
When I clear my Cart........................................................passed
Then No items are left in the Cart..........................................passed
]]></system-out>
    </testcase>
    <testcase classname="Paypal Processing" name="Checkout paypal" time="0.000282">
        <system-out><![CDATA[Given That I have some items in my basket...................................passed
When I checkout.............................................................passed
Then I get the options to use Paypal........................................passed
]]></system-out>
    </testcase>
</testsuite>
